Fri 20 May 2022 05:03:21 INFO  
General Hyper Parameters:
gpu_id = 0
use_gpu = True
seed = 2020
state = INFO
reproducibility = True
data_path = /opt/ml/workspace/RecBole/dataset/whiskey
checkpoint_dir = /opt/ml/workspace/RecBole/model_saved
show_progress = True
save_dataset = False
dataset_save_path = None
save_dataloaders = False
dataloaders_save_path = None
log_wandb = True

Training Hyper Parameters:
epochs = 300
train_batch_size = 64
learner = adam
learning_rate = 0.001
neg_sampling = {'popularity': 10}
eval_step = 1
stopping_step = 10
clip_grad_norm = None
weight_decay = 0.0
loss_decimal_place = 4

Evaluation Hyper Parameters:
eval_args = {'split': {'RS': [0.8, 0.1, 0.1]}, 'group_by': 'user', 'order': 'RO', 'mode': 'full'}
repeatable = False
metrics = ['Recall', 'NDCG']
topk = [5, 10]
valid_metric = NDCG@10
valid_metric_bigger = True
eval_batch_size = 256
metric_decimal_place = 4

Dataset Hyper Parameters:
field_separator = 	
seq_separator =  
USER_ID_FIELD = user
ITEM_ID_FIELD = whiskey
RATING_FIELD = rating
TIME_FIELD = None
seq_len = None
LABEL_FIELD = label
threshold = None
NEG_PREFIX = neg_
load_col = {'inter': ['user', 'whiskey', 'rating']}
unload_col = None
unused_col = None
additional_feat_suffix = None
rm_dup_inter = None
val_interval = {'rating': '[0,100]'}
filter_inter_by_user_or_item = True
user_inter_num_interval = [5,inf)
item_inter_num_interval = [5,inf)
alias_of_user_id = None
alias_of_item_id = None
alias_of_entity_id = None
alias_of_relation_id = None
preload_weight = None
normalize_field = None
normalize_all = None
ITEM_LIST_LENGTH_FIELD = item_length
LIST_SUFFIX = _list
MAX_ITEM_LIST_LENGTH = 50
POSITION_FIELD = position_id
HEAD_ENTITY_ID_FIELD = head_id
TAIL_ENTITY_ID_FIELD = tail_id
RELATION_ID_FIELD = relation_id
ENTITY_ID_FIELD = entity_id
benchmark_filename = None

Other Hyper Parameters: 
wandb_project = recbole_whiskey
require_pow = False
hidden_dimension = 600
latent_dimension = 200
dropout_prob = 0.5
beta = 0.2
mixture_weights = [0.15, 0.75, 0.1]
gamma = 0.005
n_enc_epochs = 3
n_dec_epochs = 1
MODEL_TYPE = ModelType.GENERAL
MODEL_INPUT_TYPE = InputType.PAIRWISE
eval_type = EvaluatorType.RANKING
device = cuda
train_neg_sample_args = {'strategy': 'by', 'by': 10, 'distribution': 'popularity', 'dynamic': 'none'}
eval_neg_sample_args = {'strategy': 'full', 'distribution': 'uniform'}


Fri 20 May 2022 05:03:21 INFO  whiskey
The number of users: 984
Average actions of users: 38.3001017293998
The number of items: 478
Average actions of items: 78.9287211740042
The number of inters: 37649
The sparsity of the dataset: 91.99556927577643%
Remain Fields: ['user', 'whiskey', 'rating']
Fri 20 May 2022 05:03:21 INFO  [Training]: train_batch_size = [64] negative sampling: [{'popularity': 10}]
Fri 20 May 2022 05:03:21 INFO  [Evaluation]: eval_batch_size = [256] eval_args: [{'split': {'RS': [0.8, 0.1, 0.1]}, 'group_by': 'user', 'order': 'RO', 'mode': 'full'}]
Fri 20 May 2022 05:03:21 WARNING  Max value of user's history interaction records has reached 77.40585774058577% of the total.
Fri 20 May 2022 05:03:24 INFO  RecVAE(
  (encoder): Encoder(
    (fc1): Linear(in_features=478, out_features=600, bias=True)
    (ln1): LayerNorm((600,), eps=0.1, elementwise_affine=True)
    (fc2): Linear(in_features=600, out_features=600, bias=True)
    (ln2): LayerNorm((600,), eps=0.1, elementwise_affine=True)
    (fc3): Linear(in_features=600, out_features=600, bias=True)
    (ln3): LayerNorm((600,), eps=0.1, elementwise_affine=True)
    (fc4): Linear(in_features=600, out_features=600, bias=True)
    (ln4): LayerNorm((600,), eps=0.1, elementwise_affine=True)
    (fc5): Linear(in_features=600, out_features=600, bias=True)
    (ln5): LayerNorm((600,), eps=0.1, elementwise_affine=True)
    (fc_mu): Linear(in_features=600, out_features=200, bias=True)
    (fc_logvar): Linear(in_features=600, out_features=200, bias=True)
  )
  (prior): CompositePrior(
    (encoder_old): Encoder(
      (fc1): Linear(in_features=478, out_features=600, bias=True)
      (ln1): LayerNorm((600,), eps=0.1, elementwise_affine=True)
      (fc2): Linear(in_features=600, out_features=600, bias=True)
      (ln2): LayerNorm((600,), eps=0.1, elementwise_affine=True)
      (fc3): Linear(in_features=600, out_features=600, bias=True)
      (ln3): LayerNorm((600,), eps=0.1, elementwise_affine=True)
      (fc4): Linear(in_features=600, out_features=600, bias=True)
      (ln4): LayerNorm((600,), eps=0.1, elementwise_affine=True)
      (fc5): Linear(in_features=600, out_features=600, bias=True)
      (ln5): LayerNorm((600,), eps=0.1, elementwise_affine=True)
      (fc_mu): Linear(in_features=600, out_features=200, bias=True)
      (fc_logvar): Linear(in_features=600, out_features=200, bias=True)
    )
  )
  (decoder): Linear(in_features=200, out_features=478, bias=True)
)
Trainable parameters: 2072278
Fri 20 May 2022 05:03:37 INFO  epoch 0 training [time: 1.91s, train loss: 1577.2395]
Fri 20 May 2022 05:03:46 INFO  epoch 0 evaluating [time: 8.34s, valid_score: 0.171600]
Fri 20 May 2022 05:03:46 INFO  valid result: 
recall@5 : 0.1411    recall@10 : 0.1985    ndcg@5 : 0.1671    ndcg@10 : 0.1716
Fri 20 May 2022 05:03:46 INFO  Saving current: /opt/ml/workspace/RecBole/model_saved/RecVAE-May-20-2022_05-03-35.pth
Fri 20 May 2022 05:03:47 INFO  epoch 1 training [time: 1.46s, train loss: 1494.9707]
Fri 20 May 2022 05:03:55 INFO  epoch 1 evaluating [time: 8.25s, valid_score: 0.212900]
Fri 20 May 2022 05:03:55 INFO  valid result: 
recall@5 : 0.1786    recall@10 : 0.2448    ndcg@5 : 0.2079    ndcg@10 : 0.2129
Fri 20 May 2022 05:03:56 INFO  Saving current: /opt/ml/workspace/RecBole/model_saved/RecVAE-May-20-2022_05-03-35.pth
Fri 20 May 2022 05:03:57 INFO  epoch 2 training [time: 1.48s, train loss: 1424.7588]
Fri 20 May 2022 05:04:05 INFO  epoch 2 evaluating [time: 8.15s, valid_score: 0.246400]
Fri 20 May 2022 05:04:05 INFO  valid result: 
recall@5 : 0.203    recall@10 : 0.2751    ndcg@5 : 0.2463    ndcg@10 : 0.2464
Fri 20 May 2022 05:04:05 INFO  Saving current: /opt/ml/workspace/RecBole/model_saved/RecVAE-May-20-2022_05-03-35.pth
Fri 20 May 2022 05:04:07 INFO  epoch 3 training [time: 1.52s, train loss: 1351.2688]
Fri 20 May 2022 05:04:15 INFO  epoch 3 evaluating [time: 8.11s, valid_score: 0.260800]
Fri 20 May 2022 05:04:15 INFO  valid result: 
recall@5 : 0.2235    recall@10 : 0.2788    ndcg@5 : 0.2666    ndcg@10 : 0.2608
Fri 20 May 2022 05:04:15 INFO  Saving current: /opt/ml/workspace/RecBole/model_saved/RecVAE-May-20-2022_05-03-35.pth
Fri 20 May 2022 05:04:17 INFO  epoch 4 training [time: 1.57s, train loss: 1335.2860]
Fri 20 May 2022 05:04:25 INFO  epoch 4 evaluating [time: 8.14s, valid_score: 0.278100]
Fri 20 May 2022 05:04:25 INFO  valid result: 
recall@5 : 0.2287    recall@10 : 0.3025    ndcg@5 : 0.277    ndcg@10 : 0.2781
Fri 20 May 2022 05:04:25 INFO  Saving current: /opt/ml/workspace/RecBole/model_saved/RecVAE-May-20-2022_05-03-35.pth
Fri 20 May 2022 05:04:26 INFO  epoch 5 training [time: 1.38s, train loss: 1278.1711]
Fri 20 May 2022 05:04:35 INFO  epoch 5 evaluating [time: 8.27s, valid_score: 0.281700]
Fri 20 May 2022 05:04:35 INFO  valid result: 
recall@5 : 0.2388    recall@10 : 0.3097    ndcg@5 : 0.2816    ndcg@10 : 0.2817
Fri 20 May 2022 05:04:35 INFO  Saving current: /opt/ml/workspace/RecBole/model_saved/RecVAE-May-20-2022_05-03-35.pth
Fri 20 May 2022 05:04:36 INFO  epoch 6 training [time: 1.39s, train loss: 1294.4147]
Fri 20 May 2022 05:04:44 INFO  epoch 6 evaluating [time: 8.24s, valid_score: 0.284400]
Fri 20 May 2022 05:04:44 INFO  valid result: 
recall@5 : 0.2405    recall@10 : 0.3074    ndcg@5 : 0.2853    ndcg@10 : 0.2844
Fri 20 May 2022 05:04:44 INFO  Saving current: /opt/ml/workspace/RecBole/model_saved/RecVAE-May-20-2022_05-03-35.pth
Fri 20 May 2022 05:04:46 INFO  epoch 7 training [time: 1.52s, train loss: 1256.7665]
Fri 20 May 2022 05:04:54 INFO  epoch 7 evaluating [time: 8.11s, valid_score: 0.292400]
Fri 20 May 2022 05:04:54 INFO  valid result: 
recall@5 : 0.2493    recall@10 : 0.3164    ndcg@5 : 0.2945    ndcg@10 : 0.2924
Fri 20 May 2022 05:04:54 INFO  Saving current: /opt/ml/workspace/RecBole/model_saved/RecVAE-May-20-2022_05-03-35.pth
Fri 20 May 2022 05:04:56 INFO  epoch 8 training [time: 1.49s, train loss: 1227.6136]
Fri 20 May 2022 05:05:04 INFO  epoch 8 evaluating [time: 8.09s, valid_score: 0.295800]
Fri 20 May 2022 05:05:04 INFO  valid result: 
recall@5 : 0.2551    recall@10 : 0.3243    ndcg@5 : 0.2978    ndcg@10 : 0.2958
Fri 20 May 2022 05:05:04 INFO  Saving current: /opt/ml/workspace/RecBole/model_saved/RecVAE-May-20-2022_05-03-35.pth
Fri 20 May 2022 05:05:05 INFO  epoch 9 training [time: 1.52s, train loss: 1220.3852]
Fri 20 May 2022 05:05:13 INFO  epoch 9 evaluating [time: 8.20s, valid_score: 0.297700]
Fri 20 May 2022 05:05:13 INFO  valid result: 
recall@5 : 0.2472    recall@10 : 0.327    ndcg@5 : 0.2946    ndcg@10 : 0.2977
Fri 20 May 2022 05:05:14 INFO  Saving current: /opt/ml/workspace/RecBole/model_saved/RecVAE-May-20-2022_05-03-35.pth
Fri 20 May 2022 05:05:15 INFO  epoch 10 training [time: 1.54s, train loss: 1197.0740]
Fri 20 May 2022 05:05:23 INFO  epoch 10 evaluating [time: 8.11s, valid_score: 0.309900]
Fri 20 May 2022 05:05:23 INFO  valid result: 
recall@5 : 0.2641    recall@10 : 0.3355    ndcg@5 : 0.3132    ndcg@10 : 0.3099
Fri 20 May 2022 05:05:23 INFO  Saving current: /opt/ml/workspace/RecBole/model_saved/RecVAE-May-20-2022_05-03-35.pth
Fri 20 May 2022 05:05:25 INFO  epoch 11 training [time: 1.36s, train loss: 1186.1430]
Fri 20 May 2022 05:05:33 INFO  epoch 11 evaluating [time: 8.30s, valid_score: 0.307600]
Fri 20 May 2022 05:05:33 INFO  valid result: 
recall@5 : 0.2584    recall@10 : 0.3319    ndcg@5 : 0.3097    ndcg@10 : 0.3076
Fri 20 May 2022 05:05:35 INFO  epoch 12 training [time: 1.40s, train loss: 1214.7755]
Fri 20 May 2022 05:05:43 INFO  epoch 12 evaluating [time: 8.37s, valid_score: 0.300300]
Fri 20 May 2022 05:05:43 INFO  valid result: 
recall@5 : 0.2633    recall@10 : 0.3317    ndcg@5 : 0.3025    ndcg@10 : 0.3003
Fri 20 May 2022 05:05:44 INFO  epoch 13 training [time: 1.41s, train loss: 1189.8997]
Fri 20 May 2022 05:05:52 INFO  epoch 13 evaluating [time: 7.99s, valid_score: 0.317800]
Fri 20 May 2022 05:05:52 INFO  valid result: 
recall@5 : 0.269    recall@10 : 0.344    ndcg@5 : 0.3192    ndcg@10 : 0.3178
Fri 20 May 2022 05:05:53 INFO  Saving current: /opt/ml/workspace/RecBole/model_saved/RecVAE-May-20-2022_05-03-35.pth
Fri 20 May 2022 05:05:54 INFO  epoch 14 training [time: 1.40s, train loss: 1172.5759]
Fri 20 May 2022 05:06:02 INFO  epoch 14 evaluating [time: 8.38s, valid_score: 0.320700]
Fri 20 May 2022 05:06:02 INFO  valid result: 
recall@5 : 0.2801    recall@10 : 0.3519    ndcg@5 : 0.3241    ndcg@10 : 0.3207
Fri 20 May 2022 05:06:02 INFO  Saving current: /opt/ml/workspace/RecBole/model_saved/RecVAE-May-20-2022_05-03-35.pth
Fri 20 May 2022 05:06:04 INFO  epoch 15 training [time: 1.50s, train loss: 1153.4797]
Fri 20 May 2022 05:06:12 INFO  epoch 15 evaluating [time: 8.17s, valid_score: 0.316600]
Fri 20 May 2022 05:06:12 INFO  valid result: 
recall@5 : 0.267    recall@10 : 0.348    ndcg@5 : 0.3156    ndcg@10 : 0.3166
Fri 20 May 2022 05:06:14 INFO  epoch 16 training [time: 1.56s, train loss: 1157.4377]
Fri 20 May 2022 05:06:22 INFO  epoch 16 evaluating [time: 8.12s, valid_score: 0.317300]
Fri 20 May 2022 05:06:22 INFO  valid result: 
recall@5 : 0.2673    recall@10 : 0.3344    ndcg@5 : 0.3235    ndcg@10 : 0.3173
Fri 20 May 2022 05:06:23 INFO  epoch 17 training [time: 1.56s, train loss: 1137.2772]
Fri 20 May 2022 05:06:32 INFO  epoch 17 evaluating [time: 8.41s, valid_score: 0.320700]
Fri 20 May 2022 05:06:32 INFO  valid result: 
recall@5 : 0.2601    recall@10 : 0.3476    ndcg@5 : 0.3194    ndcg@10 : 0.3207
Fri 20 May 2022 05:06:32 INFO  Saving current: /opt/ml/workspace/RecBole/model_saved/RecVAE-May-20-2022_05-03-35.pth
Fri 20 May 2022 05:06:33 INFO  epoch 18 training [time: 1.42s, train loss: 1133.4209]
Fri 20 May 2022 05:06:42 INFO  epoch 18 evaluating [time: 8.25s, valid_score: 0.321900]
Fri 20 May 2022 05:06:42 INFO  valid result: 
recall@5 : 0.2786    recall@10 : 0.3441    ndcg@5 : 0.3277    ndcg@10 : 0.3219
Fri 20 May 2022 05:06:42 INFO  Saving current: /opt/ml/workspace/RecBole/model_saved/RecVAE-May-20-2022_05-03-35.pth
Fri 20 May 2022 05:06:43 INFO  epoch 19 training [time: 1.48s, train loss: 1123.9841]
Fri 20 May 2022 05:06:51 INFO  epoch 19 evaluating [time: 8.10s, valid_score: 0.322300]
Fri 20 May 2022 05:06:51 INFO  valid result: 
recall@5 : 0.2801    recall@10 : 0.3464    ndcg@5 : 0.3281    ndcg@10 : 0.3223
Fri 20 May 2022 05:06:51 INFO  Saving current: /opt/ml/workspace/RecBole/model_saved/RecVAE-May-20-2022_05-03-35.pth
Fri 20 May 2022 05:06:53 INFO  epoch 20 training [time: 1.56s, train loss: 1117.2334]
Fri 20 May 2022 05:07:01 INFO  epoch 20 evaluating [time: 8.09s, valid_score: 0.323500]
Fri 20 May 2022 05:07:01 INFO  valid result: 
recall@5 : 0.2739    recall@10 : 0.3497    ndcg@5 : 0.3259    ndcg@10 : 0.3235
Fri 20 May 2022 05:07:01 INFO  Saving current: /opt/ml/workspace/RecBole/model_saved/RecVAE-May-20-2022_05-03-35.pth
Fri 20 May 2022 05:07:03 INFO  epoch 21 training [time: 1.50s, train loss: 1138.0319]
Fri 20 May 2022 05:07:11 INFO  epoch 21 evaluating [time: 8.10s, valid_score: 0.314400]
Fri 20 May 2022 05:07:11 INFO  valid result: 
recall@5 : 0.2656    recall@10 : 0.3395    ndcg@5 : 0.3146    ndcg@10 : 0.3144
Fri 20 May 2022 05:07:12 INFO  epoch 22 training [time: 1.52s, train loss: 1101.3012]
Fri 20 May 2022 05:07:20 INFO  epoch 22 evaluating [time: 8.22s, valid_score: 0.322500]
Fri 20 May 2022 05:07:20 INFO  valid result: 
recall@5 : 0.273    recall@10 : 0.335    ndcg@5 : 0.3293    ndcg@10 : 0.3225
Fri 20 May 2022 05:07:22 INFO  epoch 23 training [time: 1.53s, train loss: 1114.5754]
Fri 20 May 2022 05:07:30 INFO  epoch 23 evaluating [time: 8.21s, valid_score: 0.325400]
Fri 20 May 2022 05:07:30 INFO  valid result: 
recall@5 : 0.2751    recall@10 : 0.3453    ndcg@5 : 0.3305    ndcg@10 : 0.3254
Fri 20 May 2022 05:07:30 INFO  Saving current: /opt/ml/workspace/RecBole/model_saved/RecVAE-May-20-2022_05-03-35.pth
Fri 20 May 2022 05:07:32 INFO  epoch 24 training [time: 1.43s, train loss: 1104.1908]
Fri 20 May 2022 05:07:40 INFO  epoch 24 evaluating [time: 7.88s, valid_score: 0.321700]
Fri 20 May 2022 05:07:40 INFO  valid result: 
recall@5 : 0.2721    recall@10 : 0.3397    ndcg@5 : 0.3265    ndcg@10 : 0.3217
Fri 20 May 2022 05:07:41 INFO  epoch 25 training [time: 1.38s, train loss: 1104.0616]
Fri 20 May 2022 05:07:49 INFO  epoch 25 evaluating [time: 8.19s, valid_score: 0.320200]
Fri 20 May 2022 05:07:49 INFO  valid result: 
recall@5 : 0.2695    recall@10 : 0.3434    ndcg@5 : 0.3243    ndcg@10 : 0.3202
Fri 20 May 2022 05:07:51 INFO  epoch 26 training [time: 1.56s, train loss: 1081.2953]
Fri 20 May 2022 05:07:59 INFO  epoch 26 evaluating [time: 8.15s, valid_score: 0.324600]
Fri 20 May 2022 05:07:59 INFO  valid result: 
recall@5 : 0.2731    recall@10 : 0.3431    ndcg@5 : 0.3311    ndcg@10 : 0.3246
Fri 20 May 2022 05:08:00 INFO  epoch 27 training [time: 1.51s, train loss: 1086.7702]
Fri 20 May 2022 05:08:09 INFO  epoch 27 evaluating [time: 8.13s, valid_score: 0.328300]
Fri 20 May 2022 05:08:09 INFO  valid result: 
recall@5 : 0.2748    recall@10 : 0.3508    ndcg@5 : 0.3313    ndcg@10 : 0.3283
Fri 20 May 2022 05:08:09 INFO  Saving current: /opt/ml/workspace/RecBole/model_saved/RecVAE-May-20-2022_05-03-35.pth
Fri 20 May 2022 05:08:10 INFO  epoch 28 training [time: 1.52s, train loss: 1071.3573]
Fri 20 May 2022 05:08:18 INFO  epoch 28 evaluating [time: 8.17s, valid_score: 0.327700]
Fri 20 May 2022 05:08:18 INFO  valid result: 
recall@5 : 0.2805    recall@10 : 0.3443    ndcg@5 : 0.3344    ndcg@10 : 0.3277
Fri 20 May 2022 05:08:20 INFO  epoch 29 training [time: 1.65s, train loss: 1075.6399]
Fri 20 May 2022 05:08:28 INFO  epoch 29 evaluating [time: 8.06s, valid_score: 0.330400]
Fri 20 May 2022 05:08:28 INFO  valid result: 
recall@5 : 0.2819    recall@10 : 0.3557    ndcg@5 : 0.3352    ndcg@10 : 0.3304
Fri 20 May 2022 05:08:28 INFO  Saving current: /opt/ml/workspace/RecBole/model_saved/RecVAE-May-20-2022_05-03-35.pth
Fri 20 May 2022 05:08:30 INFO  epoch 30 training [time: 1.42s, train loss: 1083.5976]
Fri 20 May 2022 05:08:38 INFO  epoch 30 evaluating [time: 8.01s, valid_score: 0.330900]
Fri 20 May 2022 05:08:38 INFO  valid result: 
recall@5 : 0.2831    recall@10 : 0.3458    ndcg@5 : 0.3404    ndcg@10 : 0.3309
Fri 20 May 2022 05:08:38 INFO  Saving current: /opt/ml/workspace/RecBole/model_saved/RecVAE-May-20-2022_05-03-35.pth
Fri 20 May 2022 05:08:39 INFO  epoch 31 training [time: 1.51s, train loss: 1102.1430]
Fri 20 May 2022 05:08:47 INFO  epoch 31 evaluating [time: 8.04s, valid_score: 0.336100]
Fri 20 May 2022 05:08:47 INFO  valid result: 
recall@5 : 0.2767    recall@10 : 0.3551    ndcg@5 : 0.3405    ndcg@10 : 0.3361
Fri 20 May 2022 05:08:47 INFO  Saving current: /opt/ml/workspace/RecBole/model_saved/RecVAE-May-20-2022_05-03-35.pth
Fri 20 May 2022 05:08:49 INFO  epoch 32 training [time: 1.49s, train loss: 1057.0011]
Fri 20 May 2022 05:08:57 INFO  epoch 32 evaluating [time: 8.13s, valid_score: 0.336300]
Fri 20 May 2022 05:08:57 INFO  valid result: 
recall@5 : 0.2774    recall@10 : 0.3497    ndcg@5 : 0.3422    ndcg@10 : 0.3363
Fri 20 May 2022 05:08:57 INFO  Saving current: /opt/ml/workspace/RecBole/model_saved/RecVAE-May-20-2022_05-03-35.pth
Fri 20 May 2022 05:08:59 INFO  epoch 33 training [time: 1.37s, train loss: 1066.2820]
Fri 20 May 2022 05:09:07 INFO  epoch 33 evaluating [time: 8.08s, valid_score: 0.330500]
Fri 20 May 2022 05:09:07 INFO  valid result: 
recall@5 : 0.2824    recall@10 : 0.3474    ndcg@5 : 0.3383    ndcg@10 : 0.3305
Fri 20 May 2022 05:09:08 INFO  epoch 34 training [time: 1.57s, train loss: 1080.7075]
Fri 20 May 2022 05:09:17 INFO  epoch 34 evaluating [time: 8.33s, valid_score: 0.337300]
Fri 20 May 2022 05:09:17 INFO  valid result: 
recall@5 : 0.2882    recall@10 : 0.3494    ndcg@5 : 0.3483    ndcg@10 : 0.3373
Fri 20 May 2022 05:09:17 INFO  Saving current: /opt/ml/workspace/RecBole/model_saved/RecVAE-May-20-2022_05-03-35.pth
Fri 20 May 2022 05:09:18 INFO  epoch 35 training [time: 1.42s, train loss: 1091.5772]
Fri 20 May 2022 05:09:27 INFO  epoch 35 evaluating [time: 8.34s, valid_score: 0.335400]
Fri 20 May 2022 05:09:27 INFO  valid result: 
recall@5 : 0.2827    recall@10 : 0.3494    ndcg@5 : 0.3437    ndcg@10 : 0.3354
Fri 20 May 2022 05:09:28 INFO  epoch 36 training [time: 1.57s, train loss: 1049.0751]
Fri 20 May 2022 05:09:36 INFO  epoch 36 evaluating [time: 8.14s, valid_score: 0.329100]
Fri 20 May 2022 05:09:36 INFO  valid result: 
recall@5 : 0.2808    recall@10 : 0.3404    ndcg@5 : 0.3402    ndcg@10 : 0.3291
Fri 20 May 2022 05:09:38 INFO  epoch 37 training [time: 1.51s, train loss: 1053.7803]
Fri 20 May 2022 05:09:46 INFO  epoch 37 evaluating [time: 8.08s, valid_score: 0.332800]
Fri 20 May 2022 05:09:46 INFO  valid result: 
recall@5 : 0.2763    recall@10 : 0.3543    ndcg@5 : 0.3391    ndcg@10 : 0.3328
Fri 20 May 2022 05:09:47 INFO  epoch 38 training [time: 1.55s, train loss: 1064.7382]
Fri 20 May 2022 05:09:56 INFO  epoch 38 evaluating [time: 8.15s, valid_score: 0.333600]
Fri 20 May 2022 05:09:56 INFO  valid result: 
recall@5 : 0.2728    recall@10 : 0.3498    ndcg@5 : 0.3387    ndcg@10 : 0.3336
Fri 20 May 2022 05:09:57 INFO  epoch 39 training [time: 1.44s, train loss: 1045.6883]
Fri 20 May 2022 05:10:05 INFO  epoch 39 evaluating [time: 8.26s, valid_score: 0.334300]
Fri 20 May 2022 05:10:05 INFO  valid result: 
recall@5 : 0.2824    recall@10 : 0.3429    ndcg@5 : 0.3476    ndcg@10 : 0.3343
Fri 20 May 2022 05:10:07 INFO  epoch 40 training [time: 1.58s, train loss: 1037.1360]
Fri 20 May 2022 05:10:15 INFO  epoch 40 evaluating [time: 8.19s, valid_score: 0.333600]
Fri 20 May 2022 05:10:15 INFO  valid result: 
recall@5 : 0.2818    recall@10 : 0.3545    ndcg@5 : 0.3413    ndcg@10 : 0.3336
Fri 20 May 2022 05:10:17 INFO  epoch 41 training [time: 1.53s, train loss: 1040.4890]
Fri 20 May 2022 05:10:25 INFO  epoch 41 evaluating [time: 8.10s, valid_score: 0.332900]
Fri 20 May 2022 05:10:25 INFO  valid result: 
recall@5 : 0.2741    recall@10 : 0.3459    ndcg@5 : 0.3417    ndcg@10 : 0.3329
Fri 20 May 2022 05:10:26 INFO  epoch 42 training [time: 1.53s, train loss: 1035.4210]
Fri 20 May 2022 05:10:34 INFO  epoch 42 evaluating [time: 8.19s, valid_score: 0.329300]
Fri 20 May 2022 05:10:34 INFO  valid result: 
recall@5 : 0.268    recall@10 : 0.3366    ndcg@5 : 0.3394    ndcg@10 : 0.3293
Fri 20 May 2022 05:10:36 INFO  epoch 43 training [time: 1.60s, train loss: 1031.7288]
Fri 20 May 2022 05:10:44 INFO  epoch 43 evaluating [time: 8.23s, valid_score: 0.332000]
Fri 20 May 2022 05:10:44 INFO  valid result: 
recall@5 : 0.2769    recall@10 : 0.3396    ndcg@5 : 0.344    ndcg@10 : 0.332
Fri 20 May 2022 05:10:46 INFO  epoch 44 training [time: 1.44s, train loss: 1033.9071]
Fri 20 May 2022 05:10:54 INFO  epoch 44 evaluating [time: 8.06s, valid_score: 0.336100]
Fri 20 May 2022 05:10:54 INFO  valid result: 
recall@5 : 0.2816    recall@10 : 0.3456    ndcg@5 : 0.3469    ndcg@10 : 0.3361
Fri 20 May 2022 05:10:55 INFO  epoch 45 training [time: 1.63s, train loss: 1012.9606]
Fri 20 May 2022 05:11:03 INFO  epoch 45 evaluating [time: 8.05s, valid_score: 0.336100]
Fri 20 May 2022 05:11:03 INFO  valid result: 
recall@5 : 0.2847    recall@10 : 0.3483    ndcg@5 : 0.3468    ndcg@10 : 0.3361
Fri 20 May 2022 05:11:03 INFO  Finished training, best eval result in epoch 34
Fri 20 May 2022 05:11:03 INFO  Loading model structure and parameters from /opt/ml/workspace/RecBole/model_saved/RecVAE-May-20-2022_05-03-35.pth
Fri 20 May 2022 05:11:12 INFO  best valid : OrderedDict([('recall@5', 0.2882), ('recall@10', 0.3494), ('ndcg@5', 0.3483), ('ndcg@10', 0.3373)])
Fri 20 May 2022 05:11:12 INFO  test result: OrderedDict([('recall@5', 0.2954), ('recall@10', 0.3756), ('ndcg@5', 0.3565), ('ndcg@10', 0.3552)])
