Fri 20 May 2022 01:52:47 INFO  
General Hyper Parameters:
gpu_id = 0
use_gpu = True
seed = 2020
state = INFO
reproducibility = True
data_path = /opt/ml/workspace/RecBole/dataset/whiskey
checkpoint_dir = /opt/ml/workspace/RecBole/model_saved
show_progress = True
save_dataset = False
dataset_save_path = None
save_dataloaders = False
dataloaders_save_path = None
log_wandb = False

Training Hyper Parameters:
epochs = 10
train_batch_size = 64
learner = adam
learning_rate = 0.001
neg_sampling = {'popularity': 10}
eval_step = 1
stopping_step = 10
clip_grad_norm = None
weight_decay = 0.0
loss_decimal_place = 4

Evaluation Hyper Parameters:
eval_args = {'split': {'RS': [0.8, 0.1, 0.1]}, 'group_by': 'user', 'order': 'RO', 'mode': 'full'}
repeatable = False
metrics = ['Recall', 'NDCG']
topk = [5, 10]
valid_metric = NDCG@10
valid_metric_bigger = True
eval_batch_size = 256
metric_decimal_place = 4

Dataset Hyper Parameters:
field_separator = 	
seq_separator =  
USER_ID_FIELD = user
ITEM_ID_FIELD = whiskey
RATING_FIELD = rating
TIME_FIELD = None
seq_len = None
LABEL_FIELD = label
threshold = None
NEG_PREFIX = neg_
load_col = {'inter': ['user', 'whiskey', 'rating']}
unload_col = None
unused_col = None
additional_feat_suffix = None
rm_dup_inter = None
val_interval = {'rating': '[0,100]'}
filter_inter_by_user_or_item = True
user_inter_num_interval = [5,inf)
item_inter_num_interval = [5,inf)
alias_of_user_id = None
alias_of_item_id = None
alias_of_entity_id = None
alias_of_relation_id = None
preload_weight = None
normalize_field = None
normalize_all = None
ITEM_LIST_LENGTH_FIELD = item_length
LIST_SUFFIX = _list
MAX_ITEM_LIST_LENGTH = 50
POSITION_FIELD = position_id
HEAD_ENTITY_ID_FIELD = head_id
TAIL_ENTITY_ID_FIELD = tail_id
RELATION_ID_FIELD = relation_id
ENTITY_ID_FIELD = entity_id
benchmark_filename = None

Other Hyper Parameters: 
wandb_project = recbole
require_pow = False
hidden_dimension = 600
latent_dimension = 200
dropout_prob = 0.5
beta = 0.2
mixture_weights = [0.15, 0.75, 0.1]
gamma = 0.005
n_enc_epochs = 3
n_dec_epochs = 1
MODEL_TYPE = ModelType.GENERAL
MODEL_INPUT_TYPE = InputType.PAIRWISE
eval_type = EvaluatorType.RANKING
device = cuda
train_neg_sample_args = {'strategy': 'by', 'by': 10, 'distribution': 'popularity', 'dynamic': 'none'}
eval_neg_sample_args = {'strategy': 'full', 'distribution': 'uniform'}


Fri 20 May 2022 01:52:48 INFO  whiskey
The number of users: 984
Average actions of users: 38.3001017293998
The number of items: 478
Average actions of items: 78.9287211740042
The number of inters: 37649
The sparsity of the dataset: 91.99556927577643%
Remain Fields: ['user', 'whiskey', 'rating']
Fri 20 May 2022 01:52:48 INFO  [Training]: train_batch_size = [64] negative sampling: [{'popularity': 10}]
Fri 20 May 2022 01:52:48 INFO  [Evaluation]: eval_batch_size = [256] eval_args: [{'split': {'RS': [0.8, 0.1, 0.1]}, 'group_by': 'user', 'order': 'RO', 'mode': 'full'}]
Fri 20 May 2022 01:52:48 WARNING  Max value of user's history interaction records has reached 77.40585774058577% of the total.
