Fri 20 May 2022 05:21:40 INFO  
General Hyper Parameters:
gpu_id = 0
use_gpu = True
seed = 2020
state = INFO
reproducibility = True
data_path = /opt/ml/workspace/RecBole/dataset/whiskey
checkpoint_dir = /opt/ml/workspace/RecBole/model_saved
show_progress = True
save_dataset = False
dataset_save_path = None
save_dataloaders = False
dataloaders_save_path = None
log_wandb = False

Training Hyper Parameters:
epochs = 300
train_batch_size = 64
learner = adam
learning_rate = 0.001
neg_sampling = {'popularity': 10}
eval_step = 1
stopping_step = 10
clip_grad_norm = None
weight_decay = 0.0
loss_decimal_place = 4

Evaluation Hyper Parameters:
eval_args = {'split': {'RS': [0.8, 0.1, 0.1]}, 'group_by': 'user', 'order': 'RO', 'mode': 'full'}
repeatable = False
metrics = ['Recall', 'NDCG']
topk = [5, 10]
valid_metric = NDCG@10
valid_metric_bigger = True
eval_batch_size = 256
metric_decimal_place = 4

Dataset Hyper Parameters:
field_separator = 	
seq_separator =  
USER_ID_FIELD = user
ITEM_ID_FIELD = whiskey
RATING_FIELD = rating
TIME_FIELD = None
seq_len = None
LABEL_FIELD = label
threshold = None
NEG_PREFIX = neg_
load_col = {'inter': ['user', 'whiskey', 'rating']}
unload_col = None
unused_col = None
additional_feat_suffix = None
rm_dup_inter = None
val_interval = {'rating': '[0,100]'}
filter_inter_by_user_or_item = True
user_inter_num_interval = [5,inf)
item_inter_num_interval = [5,inf)
alias_of_user_id = None
alias_of_item_id = None
alias_of_entity_id = None
alias_of_relation_id = None
preload_weight = None
normalize_field = None
normalize_all = None
ITEM_LIST_LENGTH_FIELD = item_length
LIST_SUFFIX = _list
MAX_ITEM_LIST_LENGTH = 50
POSITION_FIELD = position_id
HEAD_ENTITY_ID_FIELD = head_id
TAIL_ENTITY_ID_FIELD = tail_id
RELATION_ID_FIELD = relation_id
ENTITY_ID_FIELD = entity_id
benchmark_filename = None

Other Hyper Parameters: 
wandb_project = recbole_whiskey
require_pow = False
embedding_size = 64
n_layers = 2
reg_weight = 1e-05
MODEL_TYPE = ModelType.GENERAL
MODEL_INPUT_TYPE = InputType.PAIRWISE
eval_type = EvaluatorType.RANKING
device = cuda
train_neg_sample_args = {'strategy': 'by', 'by': 10, 'distribution': 'popularity', 'dynamic': 'none'}
eval_neg_sample_args = {'strategy': 'full', 'distribution': 'uniform'}


Fri 20 May 2022 05:21:41 INFO  whiskey
The number of users: 984
Average actions of users: 38.3001017293998
The number of items: 478
Average actions of items: 78.9287211740042
The number of inters: 37649
The sparsity of the dataset: 91.99556927577643%
Remain Fields: ['user', 'whiskey', 'rating']
Fri 20 May 2022 05:21:41 INFO  [Training]: train_batch_size = [64] negative sampling: [{'popularity': 10}]
Fri 20 May 2022 05:21:41 INFO  [Evaluation]: eval_batch_size = [256] eval_args: [{'split': {'RS': [0.8, 0.1, 0.1]}, 'group_by': 'user', 'order': 'RO', 'mode': 'full'}]
Fri 20 May 2022 05:21:45 INFO  LightGCN(
  (user_embedding): Embedding(984, 64)
  (item_embedding): Embedding(478, 64)
  (mf_loss): BPRLoss()
  (reg_loss): EmbLoss()
)
Trainable parameters: 93568
Fri 20 May 2022 05:22:38 INFO  epoch 0 training [time: 52.54s, train loss: 2928.1079]
Fri 20 May 2022 05:22:42 INFO  epoch 0 evaluating [time: 4.63s, valid_score: 0.201300]
Fri 20 May 2022 05:22:42 INFO  valid result: 
recall@5 : 0.1667    recall@10 : 0.2333    ndcg@5 : 0.2    ndcg@10 : 0.2013
Fri 20 May 2022 05:22:42 INFO  Saving current: /opt/ml/workspace/RecBole/model_saved/LightGCN-May-20-2022_05-21-45.pth
Fri 20 May 2022 05:23:34 INFO  epoch 1 training [time: 51.90s, train loss: 2320.3998]
Fri 20 May 2022 05:23:38 INFO  epoch 1 evaluating [time: 4.06s, valid_score: 0.212000]
Fri 20 May 2022 05:23:38 INFO  valid result: 
recall@5 : 0.1709    recall@10 : 0.2482    ndcg@5 : 0.2095    ndcg@10 : 0.212
Fri 20 May 2022 05:23:38 INFO  Saving current: /opt/ml/workspace/RecBole/model_saved/LightGCN-May-20-2022_05-21-45.pth
Fri 20 May 2022 05:24:30 INFO  epoch 2 training [time: 51.42s, train loss: 2000.9975]
Fri 20 May 2022 05:24:34 INFO  epoch 2 evaluating [time: 4.09s, valid_score: 0.221900]
Fri 20 May 2022 05:24:34 INFO  valid result: 
recall@5 : 0.1883    recall@10 : 0.2541    ndcg@5 : 0.2229    ndcg@10 : 0.2219
Fri 20 May 2022 05:24:34 INFO  Saving current: /opt/ml/workspace/RecBole/model_saved/LightGCN-May-20-2022_05-21-45.pth
Fri 20 May 2022 05:25:26 INFO  epoch 3 training [time: 52.09s, train loss: 1741.8265]
Fri 20 May 2022 05:25:30 INFO  epoch 3 evaluating [time: 4.14s, valid_score: 0.234500]
Fri 20 May 2022 05:25:30 INFO  valid result: 
recall@5 : 0.2    recall@10 : 0.2724    ndcg@5 : 0.2345    ndcg@10 : 0.2345
Fri 20 May 2022 05:25:30 INFO  Saving current: /opt/ml/workspace/RecBole/model_saved/LightGCN-May-20-2022_05-21-45.pth
Fri 20 May 2022 05:26:22 INFO  epoch 4 training [time: 52.17s, train loss: 1516.2831]
Fri 20 May 2022 05:26:26 INFO  epoch 4 evaluating [time: 4.13s, valid_score: 0.245900]
Fri 20 May 2022 05:26:26 INFO  valid result: 
recall@5 : 0.2044    recall@10 : 0.2779    ndcg@5 : 0.2452    ndcg@10 : 0.2459
Fri 20 May 2022 05:26:26 INFO  Saving current: /opt/ml/workspace/RecBole/model_saved/LightGCN-May-20-2022_05-21-45.pth
Fri 20 May 2022 05:27:18 INFO  epoch 5 training [time: 51.49s, train loss: 1313.4301]
Fri 20 May 2022 05:27:22 INFO  epoch 5 evaluating [time: 4.15s, valid_score: 0.257700]
Fri 20 May 2022 05:27:22 INFO  valid result: 
recall@5 : 0.2184    recall@10 : 0.288    ndcg@5 : 0.2603    ndcg@10 : 0.2577
Fri 20 May 2022 05:27:22 INFO  Saving current: /opt/ml/workspace/RecBole/model_saved/LightGCN-May-20-2022_05-21-45.pth
Fri 20 May 2022 05:28:14 INFO  epoch 6 training [time: 51.57s, train loss: 1128.3207]
Fri 20 May 2022 05:28:18 INFO  epoch 6 evaluating [time: 4.10s, valid_score: 0.267500]
Fri 20 May 2022 05:28:18 INFO  valid result: 
recall@5 : 0.224    recall@10 : 0.2963    ndcg@5 : 0.2715    ndcg@10 : 0.2675
Fri 20 May 2022 05:28:18 INFO  Saving current: /opt/ml/workspace/RecBole/model_saved/LightGCN-May-20-2022_05-21-45.pth
Fri 20 May 2022 05:29:10 INFO  epoch 7 training [time: 51.69s, train loss: 968.2773]
Fri 20 May 2022 05:29:14 INFO  epoch 7 evaluating [time: 4.07s, valid_score: 0.270600]
Fri 20 May 2022 05:29:14 INFO  valid result: 
recall@5 : 0.2248    recall@10 : 0.2958    ndcg@5 : 0.2757    ndcg@10 : 0.2706
Fri 20 May 2022 05:29:14 INFO  Saving current: /opt/ml/workspace/RecBole/model_saved/LightGCN-May-20-2022_05-21-45.pth
Fri 20 May 2022 05:30:05 INFO  epoch 8 training [time: 51.75s, train loss: 831.3644]
Fri 20 May 2022 05:30:10 INFO  epoch 8 evaluating [time: 4.22s, valid_score: 0.274300]
Fri 20 May 2022 05:30:10 INFO  valid result: 
recall@5 : 0.2244    recall@10 : 0.2956    ndcg@5 : 0.2788    ndcg@10 : 0.2743
Fri 20 May 2022 05:30:10 INFO  Saving current: /opt/ml/workspace/RecBole/model_saved/LightGCN-May-20-2022_05-21-45.pth
Fri 20 May 2022 05:31:02 INFO  epoch 9 training [time: 52.26s, train loss: 716.3259]
Fri 20 May 2022 05:31:06 INFO  epoch 9 evaluating [time: 4.01s, valid_score: 0.281600]
Fri 20 May 2022 05:31:06 INFO  valid result: 
recall@5 : 0.2289    recall@10 : 0.2977    ndcg@5 : 0.2874    ndcg@10 : 0.2816
Fri 20 May 2022 05:31:06 INFO  Saving current: /opt/ml/workspace/RecBole/model_saved/LightGCN-May-20-2022_05-21-45.pth
Fri 20 May 2022 05:31:58 INFO  epoch 10 training [time: 51.76s, train loss: 618.4726]
Fri 20 May 2022 05:32:02 INFO  epoch 10 evaluating [time: 4.10s, valid_score: 0.285300]
Fri 20 May 2022 05:32:02 INFO  valid result: 
recall@5 : 0.231    recall@10 : 0.3026    ndcg@5 : 0.2901    ndcg@10 : 0.2853
Fri 20 May 2022 05:32:02 INFO  Saving current: /opt/ml/workspace/RecBole/model_saved/LightGCN-May-20-2022_05-21-45.pth
Fri 20 May 2022 05:32:53 INFO  epoch 11 training [time: 51.37s, train loss: 530.3150]
Fri 20 May 2022 05:32:57 INFO  epoch 11 evaluating [time: 4.07s, valid_score: 0.286700]
Fri 20 May 2022 05:32:57 INFO  valid result: 
recall@5 : 0.2377    recall@10 : 0.3022    ndcg@5 : 0.2947    ndcg@10 : 0.2867
Fri 20 May 2022 05:32:57 INFO  Saving current: /opt/ml/workspace/RecBole/model_saved/LightGCN-May-20-2022_05-21-45.pth
Fri 20 May 2022 05:33:49 INFO  epoch 12 training [time: 51.76s, train loss: 460.1299]
Fri 20 May 2022 05:33:53 INFO  epoch 12 evaluating [time: 4.00s, valid_score: 0.290900]
Fri 20 May 2022 05:33:53 INFO  valid result: 
recall@5 : 0.2435    recall@10 : 0.3025    ndcg@5 : 0.3014    ndcg@10 : 0.2909
Fri 20 May 2022 05:33:53 INFO  Saving current: /opt/ml/workspace/RecBole/model_saved/LightGCN-May-20-2022_05-21-45.pth
Fri 20 May 2022 05:34:45 INFO  epoch 13 training [time: 51.67s, train loss: 396.2276]
Fri 20 May 2022 05:34:49 INFO  epoch 13 evaluating [time: 4.05s, valid_score: 0.291700]
Fri 20 May 2022 05:34:49 INFO  valid result: 
recall@5 : 0.2464    recall@10 : 0.299    ndcg@5 : 0.3052    ndcg@10 : 0.2917
Fri 20 May 2022 05:34:49 INFO  Saving current: /opt/ml/workspace/RecBole/model_saved/LightGCN-May-20-2022_05-21-45.pth
Fri 20 May 2022 05:35:41 INFO  epoch 14 training [time: 52.22s, train loss: 344.5056]
Fri 20 May 2022 05:35:45 INFO  epoch 14 evaluating [time: 4.07s, valid_score: 0.293300]
Fri 20 May 2022 05:35:45 INFO  valid result: 
recall@5 : 0.2467    recall@10 : 0.2991    ndcg@5 : 0.3076    ndcg@10 : 0.2933
Fri 20 May 2022 05:35:45 INFO  Saving current: /opt/ml/workspace/RecBole/model_saved/LightGCN-May-20-2022_05-21-45.pth
Fri 20 May 2022 05:36:36 INFO  epoch 15 training [time: 51.37s, train loss: 298.2795]
Fri 20 May 2022 05:36:41 INFO  epoch 15 evaluating [time: 4.17s, valid_score: 0.292600]
Fri 20 May 2022 05:36:41 INFO  valid result: 
recall@5 : 0.2477    recall@10 : 0.293    ndcg@5 : 0.3092    ndcg@10 : 0.2926
Fri 20 May 2022 05:37:33 INFO  epoch 16 training [time: 52.33s, train loss: 262.5242]
Fri 20 May 2022 05:37:37 INFO  epoch 16 evaluating [time: 4.13s, valid_score: 0.295400]
Fri 20 May 2022 05:37:37 INFO  valid result: 
recall@5 : 0.2482    recall@10 : 0.2961    ndcg@5 : 0.3127    ndcg@10 : 0.2954
Fri 20 May 2022 05:37:37 INFO  Saving current: /opt/ml/workspace/RecBole/model_saved/LightGCN-May-20-2022_05-21-45.pth
Fri 20 May 2022 05:38:29 INFO  epoch 17 training [time: 51.84s, train loss: 227.9314]
Fri 20 May 2022 05:38:33 INFO  epoch 17 evaluating [time: 4.19s, valid_score: 0.297100]
Fri 20 May 2022 05:38:33 INFO  valid result: 
recall@5 : 0.2466    recall@10 : 0.2919    ndcg@5 : 0.3152    ndcg@10 : 0.2971
Fri 20 May 2022 05:38:33 INFO  Saving current: /opt/ml/workspace/RecBole/model_saved/LightGCN-May-20-2022_05-21-45.pth
Fri 20 May 2022 05:39:25 INFO  epoch 18 training [time: 51.89s, train loss: 198.6001]
Fri 20 May 2022 05:39:29 INFO  epoch 18 evaluating [time: 4.10s, valid_score: 0.299000]
Fri 20 May 2022 05:39:29 INFO  valid result: 
recall@5 : 0.2479    recall@10 : 0.2897    ndcg@5 : 0.3192    ndcg@10 : 0.299
Fri 20 May 2022 05:39:29 INFO  Saving current: /opt/ml/workspace/RecBole/model_saved/LightGCN-May-20-2022_05-21-45.pth
Fri 20 May 2022 05:40:21 INFO  epoch 19 training [time: 51.93s, train loss: 172.7922]
Fri 20 May 2022 05:40:25 INFO  epoch 19 evaluating [time: 4.09s, valid_score: 0.301100]
Fri 20 May 2022 05:40:25 INFO  valid result: 
recall@5 : 0.2453    recall@10 : 0.2956    ndcg@5 : 0.3188    ndcg@10 : 0.3011
Fri 20 May 2022 05:40:25 INFO  Saving current: /opt/ml/workspace/RecBole/model_saved/LightGCN-May-20-2022_05-21-45.pth
Fri 20 May 2022 05:41:17 INFO  epoch 20 training [time: 52.26s, train loss: 151.4421]
Fri 20 May 2022 05:41:21 INFO  epoch 20 evaluating [time: 4.10s, valid_score: 0.301300]
Fri 20 May 2022 05:41:21 INFO  valid result: 
recall@5 : 0.2435    recall@10 : 0.2938    ndcg@5 : 0.3196    ndcg@10 : 0.3013
Fri 20 May 2022 05:41:21 INFO  Saving current: /opt/ml/workspace/RecBole/model_saved/LightGCN-May-20-2022_05-21-45.pth
Fri 20 May 2022 05:42:14 INFO  epoch 21 training [time: 52.06s, train loss: 133.3467]
Fri 20 May 2022 05:42:18 INFO  epoch 21 evaluating [time: 4.10s, valid_score: 0.300100]
Fri 20 May 2022 05:42:18 INFO  valid result: 
recall@5 : 0.2432    recall@10 : 0.2907    ndcg@5 : 0.3201    ndcg@10 : 0.3001
Fri 20 May 2022 05:43:09 INFO  epoch 22 training [time: 51.38s, train loss: 116.5780]
Fri 20 May 2022 05:43:13 INFO  epoch 22 evaluating [time: 4.11s, valid_score: 0.303000]
Fri 20 May 2022 05:43:13 INFO  valid result: 
recall@5 : 0.2446    recall@10 : 0.2931    ndcg@5 : 0.3224    ndcg@10 : 0.303
Fri 20 May 2022 05:43:13 INFO  Saving current: /opt/ml/workspace/RecBole/model_saved/LightGCN-May-20-2022_05-21-45.pth
Fri 20 May 2022 05:44:05 INFO  epoch 23 training [time: 51.56s, train loss: 103.8777]
Fri 20 May 2022 05:44:09 INFO  epoch 23 evaluating [time: 4.13s, valid_score: 0.301700]
Fri 20 May 2022 05:44:09 INFO  valid result: 
recall@5 : 0.2407    recall@10 : 0.2912    ndcg@5 : 0.3217    ndcg@10 : 0.3017
Fri 20 May 2022 05:45:02 INFO  epoch 24 training [time: 52.98s, train loss: 93.3006]
Fri 20 May 2022 05:45:06 INFO  epoch 24 evaluating [time: 4.15s, valid_score: 0.301300]
Fri 20 May 2022 05:45:06 INFO  valid result: 
recall@5 : 0.2429    recall@10 : 0.2897    ndcg@5 : 0.3227    ndcg@10 : 0.3013
Fri 20 May 2022 05:45:57 INFO  epoch 25 training [time: 51.50s, train loss: 81.0139]
Fri 20 May 2022 05:46:02 INFO  epoch 25 evaluating [time: 4.08s, valid_score: 0.302600]
Fri 20 May 2022 05:46:02 INFO  valid result: 
recall@5 : 0.239    recall@10 : 0.2932    ndcg@5 : 0.3218    ndcg@10 : 0.3026
Fri 20 May 2022 05:46:53 INFO  epoch 26 training [time: 51.62s, train loss: 72.0926]
Fri 20 May 2022 05:46:57 INFO  epoch 26 evaluating [time: 4.08s, valid_score: 0.303100]
Fri 20 May 2022 05:46:57 INFO  valid result: 
recall@5 : 0.2404    recall@10 : 0.2934    ndcg@5 : 0.3233    ndcg@10 : 0.3031
Fri 20 May 2022 05:46:57 INFO  Saving current: /opt/ml/workspace/RecBole/model_saved/LightGCN-May-20-2022_05-21-45.pth
Fri 20 May 2022 05:47:49 INFO  epoch 27 training [time: 51.88s, train loss: 64.2845]
Fri 20 May 2022 05:47:53 INFO  epoch 27 evaluating [time: 4.08s, valid_score: 0.303800]
Fri 20 May 2022 05:47:53 INFO  valid result: 
recall@5 : 0.2446    recall@10 : 0.2914    ndcg@5 : 0.3271    ndcg@10 : 0.3038
Fri 20 May 2022 05:47:53 INFO  Saving current: /opt/ml/workspace/RecBole/model_saved/LightGCN-May-20-2022_05-21-45.pth
Fri 20 May 2022 05:48:46 INFO  epoch 28 training [time: 52.35s, train loss: 57.0839]
Fri 20 May 2022 05:48:50 INFO  epoch 28 evaluating [time: 4.08s, valid_score: 0.304200]
Fri 20 May 2022 05:48:50 INFO  valid result: 
recall@5 : 0.2409    recall@10 : 0.2933    ndcg@5 : 0.3256    ndcg@10 : 0.3042
Fri 20 May 2022 05:48:50 INFO  Saving current: /opt/ml/workspace/RecBole/model_saved/LightGCN-May-20-2022_05-21-45.pth
Fri 20 May 2022 05:49:41 INFO  epoch 29 training [time: 51.72s, train loss: 50.8301]
Fri 20 May 2022 05:49:45 INFO  epoch 29 evaluating [time: 4.08s, valid_score: 0.303600]
Fri 20 May 2022 05:49:45 INFO  valid result: 
recall@5 : 0.2391    recall@10 : 0.2907    ndcg@5 : 0.3254    ndcg@10 : 0.3036
Fri 20 May 2022 05:50:37 INFO  epoch 30 training [time: 51.77s, train loss: 45.1200]
Fri 20 May 2022 05:50:41 INFO  epoch 30 evaluating [time: 4.18s, valid_score: 0.301800]
Fri 20 May 2022 05:50:41 INFO  valid result: 
recall@5 : 0.2409    recall@10 : 0.2859    ndcg@5 : 0.3258    ndcg@10 : 0.3018
Fri 20 May 2022 05:51:33 INFO  epoch 31 training [time: 51.76s, train loss: 40.5796]
Fri 20 May 2022 05:51:37 INFO  epoch 31 evaluating [time: 4.14s, valid_score: 0.304500]
Fri 20 May 2022 05:51:37 INFO  valid result: 
recall@5 : 0.2411    recall@10 : 0.286    ndcg@5 : 0.3285    ndcg@10 : 0.3045
Fri 20 May 2022 05:51:37 INFO  Saving current: /opt/ml/workspace/RecBole/model_saved/LightGCN-May-20-2022_05-21-45.pth
Fri 20 May 2022 05:52:29 INFO  epoch 32 training [time: 52.10s, train loss: 36.5214]
Fri 20 May 2022 05:52:33 INFO  epoch 32 evaluating [time: 4.02s, valid_score: 0.306400]
Fri 20 May 2022 05:52:33 INFO  valid result: 
recall@5 : 0.2422    recall@10 : 0.2902    ndcg@5 : 0.3293    ndcg@10 : 0.3064
Fri 20 May 2022 05:52:34 INFO  Saving current: /opt/ml/workspace/RecBole/model_saved/LightGCN-May-20-2022_05-21-45.pth
Fri 20 May 2022 05:53:26 INFO  epoch 33 training [time: 52.06s, train loss: 32.3449]
Fri 20 May 2022 05:53:30 INFO  epoch 33 evaluating [time: 4.06s, valid_score: 0.304300]
Fri 20 May 2022 05:53:30 INFO  valid result: 
recall@5 : 0.2424    recall@10 : 0.2871    ndcg@5 : 0.3292    ndcg@10 : 0.3043
Fri 20 May 2022 05:54:22 INFO  epoch 34 training [time: 51.94s, train loss: 29.4786]
Fri 20 May 2022 05:54:26 INFO  epoch 34 evaluating [time: 4.09s, valid_score: 0.303400]
Fri 20 May 2022 05:54:26 INFO  valid result: 
recall@5 : 0.2451    recall@10 : 0.2831    ndcg@5 : 0.3304    ndcg@10 : 0.3034
Fri 20 May 2022 05:55:17 INFO  epoch 35 training [time: 51.29s, train loss: 27.0790]
Fri 20 May 2022 05:55:21 INFO  epoch 35 evaluating [time: 4.00s, valid_score: 0.302700]
Fri 20 May 2022 05:55:21 INFO  valid result: 
recall@5 : 0.2396    recall@10 : 0.2824    ndcg@5 : 0.3281    ndcg@10 : 0.3027
Fri 20 May 2022 05:56:13 INFO  epoch 36 training [time: 52.38s, train loss: 23.6257]
Fri 20 May 2022 05:56:17 INFO  epoch 36 evaluating [time: 4.02s, valid_score: 0.302300]
Fri 20 May 2022 05:56:17 INFO  valid result: 
recall@5 : 0.2375    recall@10 : 0.2825    ndcg@5 : 0.3274    ndcg@10 : 0.3023
Fri 20 May 2022 05:57:09 INFO  epoch 37 training [time: 52.13s, train loss: 21.2562]
Fri 20 May 2022 05:57:14 INFO  epoch 37 evaluating [time: 4.11s, valid_score: 0.304500]
Fri 20 May 2022 05:57:14 INFO  valid result: 
recall@5 : 0.2427    recall@10 : 0.2836    ndcg@5 : 0.331    ndcg@10 : 0.3045
Fri 20 May 2022 05:58:06 INFO  epoch 38 training [time: 52.06s, train loss: 19.1559]
Fri 20 May 2022 05:58:10 INFO  epoch 38 evaluating [time: 4.14s, valid_score: 0.305100]
Fri 20 May 2022 05:58:10 INFO  valid result: 
recall@5 : 0.2419    recall@10 : 0.2829    ndcg@5 : 0.3318    ndcg@10 : 0.3051
Fri 20 May 2022 05:59:02 INFO  epoch 39 training [time: 51.76s, train loss: 17.1825]
Fri 20 May 2022 05:59:06 INFO  epoch 39 evaluating [time: 4.07s, valid_score: 0.304900]
Fri 20 May 2022 05:59:06 INFO  valid result: 
recall@5 : 0.2429    recall@10 : 0.2817    ndcg@5 : 0.3325    ndcg@10 : 0.3049
Fri 20 May 2022 05:59:58 INFO  epoch 40 training [time: 52.02s, train loss: 16.0156]
Fri 20 May 2022 06:00:02 INFO  epoch 40 evaluating [time: 4.03s, valid_score: 0.304700]
Fri 20 May 2022 06:00:02 INFO  valid result: 
recall@5 : 0.2407    recall@10 : 0.2819    ndcg@5 : 0.3307    ndcg@10 : 0.3047
Fri 20 May 2022 06:00:53 INFO  epoch 41 training [time: 51.50s, train loss: 13.8145]
Fri 20 May 2022 06:00:57 INFO  epoch 41 evaluating [time: 4.07s, valid_score: 0.304800]
Fri 20 May 2022 06:00:57 INFO  valid result: 
recall@5 : 0.2396    recall@10 : 0.2816    ndcg@5 : 0.3304    ndcg@10 : 0.3048
Fri 20 May 2022 06:01:49 INFO  epoch 42 training [time: 51.90s, train loss: 12.5686]
Fri 20 May 2022 06:01:53 INFO  epoch 42 evaluating [time: 4.07s, valid_score: 0.305600]
Fri 20 May 2022 06:01:53 INFO  valid result: 
recall@5 : 0.2423    recall@10 : 0.2811    ndcg@5 : 0.3327    ndcg@10 : 0.3056
Fri 20 May 2022 06:02:45 INFO  epoch 43 training [time: 51.51s, train loss: 11.9291]
Fri 20 May 2022 06:02:49 INFO  epoch 43 evaluating [time: 4.08s, valid_score: 0.305500]
Fri 20 May 2022 06:02:49 INFO  valid result: 
recall@5 : 0.2466    recall@10 : 0.2819    ndcg@5 : 0.3341    ndcg@10 : 0.3055
Fri 20 May 2022 06:02:49 INFO  Finished training, best eval result in epoch 32
Fri 20 May 2022 06:02:49 INFO  Loading model structure and parameters from /opt/ml/workspace/RecBole/model_saved/LightGCN-May-20-2022_05-21-45.pth
Fri 20 May 2022 06:02:53 INFO  best valid : OrderedDict([('recall@5', 0.2422), ('recall@10', 0.2902), ('ndcg@5', 0.3293), ('ndcg@10', 0.3064)])
Fri 20 May 2022 06:02:53 INFO  test result: OrderedDict([('recall@5', 0.2419), ('recall@10', 0.2916), ('ndcg@5', 0.3308), ('ndcg@10', 0.3097)])
